  GBuffer.c
C:\Dev\GraphicsUniWork\GraphicsUniWork\include\druid.h(49,1): error C2143: syntax error: missing ')' before 'sizeof'
C:\Dev\GraphicsUniWork\GraphicsUniWork\include\druid.h(49,1): error C2143: syntax error: missing '{' before 'sizeof'
C:\Dev\GraphicsUniWork\GraphicsUniWork\include\druid.h(49,1): error C2059: syntax error: 'sizeof'
C:\Dev\GraphicsUniWork\GraphicsUniWork\include\druid.h(50,1): error C2143: syntax error: missing ')' before 'sizeof'
C:\Dev\GraphicsUniWork\GraphicsUniWork\include\druid.h(50,1): error C2143: syntax error: missing '{' before 'sizeof'
C:\Dev\GraphicsUniWork\GraphicsUniWork\include\druid.h(50,1): error C2059: syntax error: 'sizeof'
C:\Dev\GraphicsUniWork\GraphicsUniWork\include\druid.h(51,1): error C2143: syntax error: missing ')' before 'sizeof'
C:\Dev\GraphicsUniWork\GraphicsUniWork\include\druid.h(51,1): error C2143: syntax error: missing '{' before 'sizeof'
C:\Dev\GraphicsUniWork\GraphicsUniWork\include\druid.h(51,1): error C2059: syntax error: 'sizeof'
C:\Dev\GraphicsUniWork\GraphicsUniWork\include\druid.h(52,1): error C2143: syntax error: missing ')' before 'sizeof'
C:\Dev\GraphicsUniWork\GraphicsUniWork\include\druid.h(52,1): error C2143: syntax error: missing '{' before 'sizeof'
C:\Dev\GraphicsUniWork\GraphicsUniWork\include\druid.h(52,1): error C2059: syntax error: 'sizeof'
C:\Dev\GraphicsUniWork\GraphicsUniWork\include\druid.h(54,1): error C2143: syntax error: missing ')' before 'sizeof'
C:\Dev\GraphicsUniWork\GraphicsUniWork\include\druid.h(54,1): error C2143: syntax error: missing '{' before 'sizeof'
C:\Dev\GraphicsUniWork\GraphicsUniWork\include\druid.h(54,1): error C2059: syntax error: 'sizeof'
C:\Dev\GraphicsUniWork\GraphicsUniWork\include\druid.h(55,1): error C2143: syntax error: missing ')' before 'sizeof'
C:\Dev\GraphicsUniWork\GraphicsUniWork\include\druid.h(55,1): error C2143: syntax error: missing '{' before 'sizeof'
C:\Dev\GraphicsUniWork\GraphicsUniWork\include\druid.h(55,1): error C2059: syntax error: 'sizeof'
C:\Dev\GraphicsUniWork\GraphicsUniWork\include\druid.h(56,1): error C2143: syntax error: missing ')' before 'sizeof'
C:\Dev\GraphicsUniWork\GraphicsUniWork\include\druid.h(56,1): error C2143: syntax error: missing '{' before 'sizeof'
C:\Dev\GraphicsUniWork\GraphicsUniWork\include\druid.h(56,1): error C2059: syntax error: 'sizeof'
C:\Dev\GraphicsUniWork\GraphicsUniWork\include\druid.h(57,1): error C2143: syntax error: missing ')' before 'sizeof'
C:\Dev\GraphicsUniWork\GraphicsUniWork\include\druid.h(57,1): error C2143: syntax error: missing '{' before 'sizeof'
C:\Dev\GraphicsUniWork\GraphicsUniWork\include\druid.h(57,1): error C2059: syntax error: 'sizeof'
C:\Dev\GraphicsUniWork\GraphicsUniWork\include\druid.h(59,1): error C2143: syntax error: missing ')' before 'sizeof'
C:\Dev\GraphicsUniWork\GraphicsUniWork\include\druid.h(59,1): error C2143: syntax error: missing '{' before 'sizeof'
C:\Dev\GraphicsUniWork\GraphicsUniWork\include\druid.h(59,1): error C2059: syntax error: 'sizeof'
C:\Dev\GraphicsUniWork\GraphicsUniWork\include\druid.h(60,1): error C2143: syntax error: missing ')' before 'sizeof'
C:\Dev\GraphicsUniWork\GraphicsUniWork\include\druid.h(60,1): error C2143: syntax error: missing '{' before 'sizeof'
C:\Dev\GraphicsUniWork\GraphicsUniWork\include\druid.h(60,1): error C2059: syntax error: 'sizeof'
